[0821/100515:INFO:exception_record.cc(518)] [QB]Process ID: 11828 Type: 2
[0821/100517:WARNING:spdy_session.cc(2455)] Received HEADERS for invalid stream 9
[0821/171855:INFO:exception_record.cc(518)] [QB]Process ID: 10340 Type: 2
[0821/171857:INFO:http_cache_transaction.cc(72)] IgnoreZeroCacheError: 0
[0822/155359:INFO:exception_record.cc(518)] [QB]Process ID: 12592 Type: 2
[0918/105116:WARNING:dns_config_service_win.cc(674)] Failed to read DnsConfig.
[0918/105121:WARNING:dns_config_service_win.cc(674)] Failed to read DnsConfig.
[0918/105126:WARNING:dns_config_service_win.cc(674)] Failed to read DnsConfig.
[0918/105131:WARNING:dns_config_service_win.cc(674)] Failed to read DnsConfig.
[0918/105136:WARNING:dns_config_service_win.cc(674)] Failed to read DnsConfig.
[0918/105141:WARNING:dns_config_service_win.cc(674)] Failed to read DnsConfig.
[0918/105146:WARNING:dns_config_service_win.cc(674)] Failed to read DnsConfig.
[0918/105151:WARNING:dns_config_service_win.cc(674)] Failed to read DnsConfig.
[0918/105156:WARNING:dns_config_service_win.cc(674)] Failed to read DnsConfig.
[0918/105201:WARNING:dns_config_service_win.cc(674)] Failed to read DnsConfig.
[0918/105206:WARNING:dns_config_service_win.cc(674)] Failed to read DnsConfig.
[0918/105211:WARNING:dns_config_service_win.cc(674)] Failed to read DnsConfig.
[0918/105216:WARNING:dns_config_service_win.cc(674)] Failed to read DnsConfig.
[0918/105221:WARNING:dns_config_service_win.cc(674)] Failed to read DnsConfig.
[0918/105226:WARNING:dns_config_service_win.cc(674)] Failed to read DnsConfig.
[0918/105231:WARNING:dns_config_service_win.cc(674)] Failed to read DnsConfig.
[0918/105236:WARNING:dns_config_service_win.cc(674)] Failed to read DnsConfig.
[0918/105241:WARNING:dns_config_service_win.cc(674)] Failed to read DnsConfig.
[0918/105246:WARNING:dns_config_service_win.cc(674)] Failed to read DnsConfig.
[0918/105251:WARNING:dns_config_service_win.cc(674)] Failed to read DnsConfig.
[0918/105256:WARNING:dns_config_service_win.cc(674)] Failed to read DnsConfig.
[0918/105302:WARNING:dns_config_service_win.cc(674)] Failed to read DnsConfig.
[0918/105307:WARNING:dns_config_service_win.cc(674)] Failed to read DnsConfig.
[0918/105312:WARNING:dns_config_service_win.cc(674)] Failed to read DnsConfig.
[0918/105317:WARNING:dns_config_service_win.cc(674)] Failed to read DnsConfig.
[0918/105322:WARNING:dns_config_service_win.cc(674)] Failed to read DnsConfig.
[0918/105327:WARNING:dns_config_service_win.cc(674)] Failed to read DnsConfig.
[0918/105332:WARNING:dns_config_service_win.cc(674)] Failed to read DnsConfig.
[0918/105337:WARNING:dns_config_service_win.cc(674)] Failed to read DnsConfig.
[0918/105342:WARNING:dns_config_service_win.cc(674)] Failed to read DnsConfig.
[0918/105347:WARNING:dns_config_service_win.cc(674)] Failed to read DnsConfig.
[0918/105352:WARNING:dns_config_service_win.cc(674)] Failed to read DnsConfig.
[0918/105352:WARNING:dns_config_service_win.cc(674)] Failed to read DnsConfig.
[0918/105352:WARNING:dns_config_service_win.cc(674)] Failed to read DnsConfig.
[0918/121659:WARNING:dns_config_service_win.cc(674)] Failed to read DnsConfig.
[0918/121704:WARNING:dns_config_service_win.cc(674)] Failed to read DnsConfig.
[0918/121709:WARNING:dns_config_service_win.cc(674)] Failed to read DnsConfig.
[0918/121714:WARNING:dns_config_service_win.cc(674)] Failed to read DnsConfig.
[0918/121719:WARNING:dns_config_service_win.cc(674)] Failed to read DnsConfig.
[0918/121724:WARNING:dns_config_service_win.cc(674)] Failed to read DnsConfig.
[0918/121729:WARNING:dns_config_service_win.cc(674)] Failed to read DnsConfig.
[0918/121734:WARNING:dns_config_service_win.cc(674)] Failed to read DnsConfig.
[0918/121739:WARNING:dns_config_service_win.cc(674)] Failed to read DnsConfig.
[0918/121744:WARNING:dns_config_service_win.cc(674)] Failed to read DnsConfig.
[0918/121749:WARNING:dns_config_service_win.cc(674)] Failed to read DnsConfig.
[0918/121754:WARNING:dns_config_service_win.cc(674)] Failed to read DnsConfig.
[0918/121759:WARNING:dns_config_service_win.cc(674)] Failed to read DnsConfig.
[0918/121804:WARNING:dns_config_service_win.cc(674)] Failed to read DnsConfig.
[0918/121809:WARNING:dns_config_service_win.cc(674)] Failed to read DnsConfig.
[0918/121814:WARNING:dns_config_service_win.cc(674)] Failed to read DnsConfig.
[0918/121819:WARNING:dns_config_service_win.cc(674)] Failed to read DnsConfig.
[0918/121824:WARNING:dns_config_service_win.cc(674)] Failed to read DnsConfig.
[0918/121829:WARNING:dns_config_service_win.cc(674)] Failed to read DnsConfig.
[0918/121834:WARNING:dns_config_service_win.cc(674)] Failed to read DnsConfig.
[0918/121839:WARNING:dns_config_service_win.cc(674)] Failed to read DnsConfig.
[0918/121844:WARNING:dns_config_service_win.cc(674)] Failed to read DnsConfig.
[0918/121849:WARNING:dns_config_service_win.cc(674)] Failed to read DnsConfig.
[0918/121854:WARNING:dns_config_service_win.cc(674)] Failed to read DnsConfig.
[0918/121859:WARNING:dns_config_service_win.cc(674)] Failed to read DnsConfig.
[0918/121904:WARNING:dns_config_service_win.cc(674)] Failed to read DnsConfig.
[0918/121909:WARNING:dns_config_service_win.cc(674)] Failed to read DnsConfig.
[0918/121914:WARNING:dns_config_service_win.cc(674)] Failed to read DnsConfig.
[0918/121919:WARNING:dns_config_service_win.cc(674)] Failed to read DnsConfig.
[0918/121924:WARNING:dns_config_service_win.cc(674)] Failed to read DnsConfig.
[0918/121929:WARNING:dns_config_service_win.cc(674)] Failed to read DnsConfig.
[0918/121934:WARNING:dns_config_service_win.cc(674)] Failed to read DnsConfig.
[0918/121939:WARNING:dns_config_service_win.cc(674)] Failed to read DnsConfig.
[0918/121944:WARNING:dns_config_service_win.cc(674)] Failed to read DnsConfig.
[0918/121949:WARNING:dns_config_service_win.cc(674)] Failed to read DnsConfig.
[0918/121954:WARNING:dns_config_service_win.cc(674)] Failed to read DnsConfig.
[0918/122000:WARNING:dns_config_service_win.cc(674)] Failed to read DnsConfig.
[0918/122005:WARNING:dns_config_service_win.cc(674)] Failed to read DnsConfig.
[0918/122010:WARNING:dns_config_service_win.cc(674)] Failed to read DnsConfig.
[0918/122015:WARNING:dns_config_service_win.cc(674)] Failed to read DnsConfig.
[0918/122020:WARNING:dns_config_service_win.cc(674)] Failed to read DnsConfig.
[0918/122025:WARNING:dns_config_service_win.cc(674)] Failed to read DnsConfig.
[0918/122030:WARNING:dns_config_service_win.cc(674)] Failed to read DnsConfig.
[0918/122035:WARNING:dns_config_service_win.cc(674)] Failed to read DnsConfig.
[0918/122040:WARNING:dns_config_service_win.cc(674)] Failed to read DnsConfig.
[0918/122045:WARNING:dns_config_service_win.cc(674)] Failed to read DnsConfig.
[0918/122050:WARNING:dns_config_service_win.cc(674)] Failed to read DnsConfig.
[0918/122055:WARNING:dns_config_service_win.cc(674)] Failed to read DnsConfig.
[0918/122100:WARNING:dns_config_service_win.cc(674)] Failed to read DnsConfig.
[0918/122105:WARNING:dns_config_service_win.cc(674)] Failed to read DnsConfig.
[0918/122110:WARNING:dns_config_service_win.cc(674)] Failed to read DnsConfig.
[0918/122115:WARNING:dns_config_service_win.cc(674)] Failed to read DnsConfig.
[0918/122120:WARNING:dns_config_service_win.cc(674)] Failed to read DnsConfig.
[0918/122125:WARNING:dns_config_service_win.cc(674)] Failed to read DnsConfig.
[0918/122130:WARNING:dns_config_service_win.cc(674)] Failed to read DnsConfig.
[0918/122135:WARNING:dns_config_service_win.cc(674)] Failed to read DnsConfig.
[0918/122140:WARNING:dns_config_service_win.cc(674)] Failed to read DnsConfig.
[0918/122145:WARNING:dns_config_service_win.cc(674)] Failed to read DnsConfig.
[0918/122150:WARNING:dns_config_service_win.cc(674)] Failed to read DnsConfig.
[0918/122155:WARNING:dns_config_service_win.cc(674)] Failed to read DnsConfig.
[0918/122200:WARNING:dns_config_service_win.cc(674)] Failed to read DnsConfig.
[0918/122205:WARNING:dns_config_service_win.cc(674)] Failed to read DnsConfig.
[0918/122210:WARNING:dns_config_service_win.cc(674)] Failed to read DnsConfig.
[0918/122215:WARNING:dns_config_service_win.cc(674)] Failed to read DnsConfig.
[0918/122220:WARNING:dns_config_service_win.cc(674)] Failed to read DnsConfig.
[0918/122225:WARNING:dns_config_service_win.cc(674)] Failed to read DnsConfig.
[0918/122230:WARNING:dns_config_service_win.cc(674)] Failed to read DnsConfig.
[0918/122235:WARNING:dns_config_service_win.cc(674)] Failed to read DnsConfig.
[0918/122240:WARNING:dns_config_service_win.cc(674)] Failed to read DnsConfig.
[0918/122245:WARNING:dns_config_service_win.cc(674)] Failed to read DnsConfig.
[0918/122250:WARNING:dns_config_service_win.cc(674)] Failed to read DnsConfig.
[0918/122255:WARNING:dns_config_service_win.cc(674)] Failed to read DnsConfig.
[0918/122300:WARNING:dns_config_service_win.cc(674)] Failed to read DnsConfig.
[0918/122305:WARNING:dns_config_service_win.cc(674)] Failed to read DnsConfig.
[0918/122311:WARNING:dns_config_service_win.cc(674)] Failed to read DnsConfig.
[0918/122316:WARNING:dns_config_service_win.cc(674)] Failed to read DnsConfig.
[0918/122321:WARNING:dns_config_service_win.cc(674)] Failed to read DnsConfig.
[0918/122326:WARNING:dns_config_service_win.cc(674)] Failed to read DnsConfig.
[0918/122331:WARNING:dns_config_service_win.cc(674)] Failed to read DnsConfig.
[0918/122336:WARNING:dns_config_service_win.cc(674)] Failed to read DnsConfig.
[0918/122341:WARNING:dns_config_service_win.cc(674)] Failed to read DnsConfig.
[0918/122346:WARNING:dns_config_service_win.cc(674)] Failed to read DnsConfig.
[0918/122351:WARNING:dns_config_service_win.cc(674)] Failed to read DnsConfig.
[0918/122356:WARNING:dns_config_service_win.cc(674)] Failed to read DnsConfig.
[0918/122401:WARNING:dns_config_service_win.cc(674)] Failed to read DnsConfig.
[0918/122406:WARNING:dns_config_service_win.cc(674)] Failed to read DnsConfig.
[0918/122411:WARNING:dns_config_service_win.cc(674)] Failed to read DnsConfig.
[0918/122416:WARNING:dns_config_service_win.cc(674)] Failed to read DnsConfig.
[0918/122421:WARNING:dns_config_service_win.cc(674)] Failed to read DnsConfig.
[0918/122426:WARNING:dns_config_service_win.cc(674)] Failed to read DnsConfig.
[0918/122431:WARNING:dns_config_service_win.cc(674)] Failed to read DnsConfig.
[0918/122436:WARNING:dns_config_service_win.cc(674)] Failed to read DnsConfig.
[0918/122441:WARNING:dns_config_service_win.cc(674)] Failed to read DnsConfig.
[0918/122446:WARNING:dns_config_service_win.cc(674)] Failed to read DnsConfig.
[0918/122451:WARNING:dns_config_service_win.cc(674)] Failed to read DnsConfig.
[0918/122456:WARNING:dns_config_service_win.cc(674)] Failed to read DnsConfig.
[0918/122501:WARNING:dns_config_service_win.cc(674)] Failed to read DnsConfig.
[0918/122506:WARNING:dns_config_service_win.cc(674)] Failed to read DnsConfig.
[0918/122511:WARNING:dns_config_service_win.cc(674)] Failed to read DnsConfig.
[0918/122516:WARNING:dns_config_service_win.cc(674)] Failed to read DnsConfig.
[0918/122521:WARNING:dns_config_service_win.cc(674)] Failed to read DnsConfig.
[0918/122526:WARNING:dns_config_service_win.cc(674)] Failed to read DnsConfig.
[0918/122531:WARNING:dns_config_service_win.cc(674)] Failed to read DnsConfig.
[0918/122536:WARNING:dns_config_service_win.cc(674)] Failed to read DnsConfig.
[0918/122541:WARNING:dns_config_service_win.cc(674)] Failed to read DnsConfig.
[0918/122546:WARNING:dns_config_service_win.cc(674)] Failed to read DnsConfig.
[0918/122551:WARNING:dns_config_service_win.cc(674)] Failed to read DnsConfig.
[0918/122556:WARNING:dns_config_service_win.cc(674)] Failed to read DnsConfig.
[0918/122601:WARNING:dns_config_service_win.cc(674)] Failed to read DnsConfig.
[0918/122606:WARNING:dns_config_service_win.cc(674)] Failed to read DnsConfig.
[0918/122611:WARNING:dns_config_service_win.cc(674)] Failed to read DnsConfig.
[0918/122616:WARNING:dns_config_service_win.cc(674)] Failed to read DnsConfig.
[0918/122621:WARNING:dns_config_service_win.cc(674)] Failed to read DnsConfig.
[0918/122626:WARNING:dns_config_service_win.cc(674)] Failed to read DnsConfig.
[0918/122632:WARNING:dns_config_service_win.cc(674)] Failed to read DnsConfig.
[0918/122637:WARNING:dns_config_service_win.cc(674)] Failed to read DnsConfig.
[0918/122642:WARNING:dns_config_service_win.cc(674)] Failed to read DnsConfig.
[0918/122647:WARNING:dns_config_service_win.cc(674)] Failed to read DnsConfig.
[0918/122652:WARNING:dns_config_service_win.cc(674)] Failed to read DnsConfig.
[0918/122657:WARNING:dns_config_service_win.cc(674)] Failed to read DnsConfig.
[0918/122702:WARNING:dns_config_service_win.cc(674)] Failed to read DnsConfig.
[0918/122707:WARNING:dns_config_service_win.cc(674)] Failed to read DnsConfig.
[0918/122712:WARNING:dns_config_service_win.cc(674)] Failed to read DnsConfig.
[0918/122717:WARNING:dns_config_service_win.cc(674)] Failed to read DnsConfig.
[0918/122722:WARNING:dns_config_service_win.cc(674)] Failed to read DnsConfig.
[0918/122727:WARNING:dns_config_service_win.cc(674)] Failed to read DnsConfig.
[0918/122732:WARNING:dns_config_service_win.cc(674)] Failed to read DnsConfig.
[0918/122737:WARNING:dns_config_service_win.cc(674)] Failed to read DnsConfig.
[0918/122742:WARNING:dns_config_service_win.cc(674)] Failed to read DnsConfig.
[0918/122747:WARNING:dns_config_service_win.cc(674)] Failed to read DnsConfig.
[0918/122752:WARNING:dns_config_service_win.cc(674)] Failed to read DnsConfig.
[0918/122757:WARNING:dns_config_service_win.cc(674)] Failed to read DnsConfig.
[0918/122802:WARNING:dns_config_service_win.cc(674)] Failed to read DnsConfig.
[0918/122807:WARNING:dns_config_service_win.cc(674)] Failed to read DnsConfig.
[0918/122812:WARNING:dns_config_service_win.cc(674)] Failed to read DnsConfig.
[0918/122817:WARNING:dns_config_service_win.cc(674)] Failed to read DnsConfig.
[0918/122822:WARNING:dns_config_service_win.cc(674)] Failed to read DnsConfig.
[0918/122827:WARNING:dns_config_service_win.cc(674)] Failed to read DnsConfig.
[0918/122832:WARNING:dns_config_service_win.cc(674)] Failed to read DnsConfig.
[0918/122837:WARNING:dns_config_service_win.cc(674)] Failed to read DnsConfig.
[0918/122842:WARNING:dns_config_service_win.cc(674)] Failed to read DnsConfig.
[0918/122847:WARNING:dns_config_service_win.cc(674)] Failed to read DnsConfig.
[0918/122852:WARNING:dns_config_service_win.cc(674)] Failed to read DnsConfig.
[0918/122857:WARNING:dns_config_service_win.cc(674)] Failed to read DnsConfig.
[0918/122902:WARNING:dns_config_service_win.cc(674)] Failed to read DnsConfig.
[0918/122907:WARNING:dns_config_service_win.cc(674)] Failed to read DnsConfig.
[0918/122912:WARNING:dns_config_service_win.cc(674)] Failed to read DnsConfig.
[0918/122917:WARNING:dns_config_service_win.cc(674)] Failed to read DnsConfig.
[0918/122922:WARNING:dns_config_service_win.cc(674)] Failed to read DnsConfig.
[0918/122927:WARNING:dns_config_service_win.cc(674)] Failed to read DnsConfig.
[0918/122933:WARNING:dns_config_service_win.cc(674)] Failed to read DnsConfig.
[0918/122938:WARNING:dns_config_service_win.cc(674)] Failed to read DnsConfig.
[0918/122943:WARNING:dns_config_service_win.cc(674)] Failed to read DnsConfig.
[0918/122948:WARNING:dns_config_service_win.cc(674)] Failed to read DnsConfig.
[0918/122953:WARNING:dns_config_service_win.cc(674)] Failed to read DnsConfig.
[0918/122958:WARNING:dns_config_service_win.cc(674)] Failed to read DnsConfig.
[0918/123003:WARNING:dns_config_service_win.cc(674)] Failed to read DnsConfig.
[0918/123008:WARNING:dns_config_service_win.cc(674)] Failed to read DnsConfig.
[0918/123013:WARNING:dns_config_service_win.cc(674)] Failed to read DnsConfig.
[0918/123018:WARNING:dns_config_service_win.cc(674)] Failed to read DnsConfig.
[0918/123023:WARNING:dns_config_service_win.cc(674)] Failed to read DnsConfig.
[0918/123028:WARNING:dns_config_service_win.cc(674)] Failed to read DnsConfig.
[0918/123033:WARNING:dns_config_service_win.cc(674)] Failed to read DnsConfig.
[0918/123038:WARNING:dns_config_service_win.cc(674)] Failed to read DnsConfig.
[0918/123043:WARNING:dns_config_service_win.cc(674)] Failed to read DnsConfig.
[0918/123048:WARNING:dns_config_service_win.cc(674)] Failed to read DnsConfig.
[0918/123053:WARNING:dns_config_service_win.cc(674)] Failed to read DnsConfig.
[0918/123058:WARNING:dns_config_service_win.cc(674)] Failed to read DnsConfig.
[0918/123103:WARNING:dns_config_service_win.cc(674)] Failed to read DnsConfig.
[0918/123108:WARNING:dns_config_service_win.cc(674)] Failed to read DnsConfig.
[0918/123113:WARNING:dns_config_service_win.cc(674)] Failed to read DnsConfig.
[0918/123118:WARNING:dns_config_service_win.cc(674)] Failed to read DnsConfig.
[0918/123123:WARNING:dns_config_service_win.cc(674)] Failed to read DnsConfig.
[0918/123128:WARNING:dns_config_service_win.cc(674)] Failed to read DnsConfig.
[0918/123133:WARNING:dns_config_service_win.cc(674)] Failed to read DnsConfig.
[0918/123138:WARNING:dns_config_service_win.cc(674)] Failed to read DnsConfig.
[0918/123143:WARNING:dns_config_service_win.cc(674)] Failed to read DnsConfig.
[0918/123148:WARNING:dns_config_service_win.cc(674)] Failed to read DnsConfig.
[0918/123153:WARNING:dns_config_service_win.cc(674)] Failed to read DnsConfig.
[0918/123158:WARNING:dns_config_service_win.cc(674)] Failed to read DnsConfig.
[0918/123203:WARNING:dns_config_service_win.cc(674)] Failed to read DnsConfig.
[0918/123208:WARNING:dns_config_service_win.cc(674)] Failed to read DnsConfig.
[0918/123213:WARNING:dns_config_service_win.cc(674)] Failed to read DnsConfig.
[0918/123218:WARNING:dns_config_service_win.cc(674)] Failed to read DnsConfig.
[0918/123223:WARNING:dns_config_service_win.cc(674)] Failed to read DnsConfig.
[0918/123228:WARNING:dns_config_service_win.cc(674)] Failed to read DnsConfig.
[0918/123233:WARNING:dns_config_service_win.cc(674)] Failed to read DnsConfig.
[0918/123238:WARNING:dns_config_service_win.cc(674)] Failed to read DnsConfig.
[0918/123243:WARNING:dns_config_service_win.cc(674)] Failed to read DnsConfig.
[0918/123248:WARNING:dns_config_service_win.cc(674)] Failed to read DnsConfig.
[0918/123254:WARNING:dns_config_service_win.cc(674)] Failed to read DnsConfig.
[0918/123259:WARNING:dns_config_service_win.cc(674)] Failed to read DnsConfig.
[0918/123304:WARNING:dns_config_service_win.cc(674)] Failed to read DnsConfig.
[0918/123309:WARNING:dns_config_service_win.cc(674)] Failed to read DnsConfig.
[0918/123314:WARNING:dns_config_service_win.cc(674)] Failed to read DnsConfig.
[0918/123319:WARNING:dns_config_service_win.cc(674)] Failed to read DnsConfig.
[0918/123324:WARNING:dns_config_service_win.cc(674)] Failed to read DnsConfig.
[0918/123329:WARNING:dns_config_service_win.cc(674)] Failed to read DnsConfig.
[0918/123334:WARNING:dns_config_service_win.cc(674)] Failed to read DnsConfig.
[0918/123339:WARNING:dns_config_service_win.cc(674)] Failed to read DnsConfig.
[0918/123344:WARNING:dns_config_service_win.cc(674)] Failed to read DnsConfig.
[0918/123349:WARNING:dns_config_service_win.cc(674)] Failed to read DnsConfig.
[0918/123354:WARNING:dns_config_service_win.cc(674)] Failed to read DnsConfig.
[0918/123359:WARNING:dns_config_service_win.cc(674)] Failed to read DnsConfig.
[0918/123404:WARNING:dns_config_service_win.cc(674)] Failed to read DnsConfig.
[0918/123409:WARNING:dns_config_service_win.cc(674)] Failed to read DnsConfig.
[0918/123414:WARNING:dns_config_service_win.cc(674)] Failed to read DnsConfig.
[0918/123419:WARNING:dns_config_service_win.cc(674)] Failed to read DnsConfig.
[0918/134558:WARNING:dns_config_service_win.cc(674)] Failed to read DnsConfig.
[0918/134603:WARNING:dns_config_service_win.cc(674)] Failed to read DnsConfig.
[0918/134608:WARNING:dns_config_service_win.cc(674)] Failed to read DnsConfig.
[0918/134613:WARNING:dns_config_service_win.cc(674)] Failed to read DnsConfig.
[0918/134618:WARNING:dns_config_service_win.cc(674)] Failed to read DnsConfig.
[0918/134623:WARNING:dns_config_service_win.cc(674)] Failed to read DnsConfig.
[0918/134628:WARNING:dns_config_service_win.cc(674)] Failed to read DnsConfig.
[0918/134633:WARNING:dns_config_service_win.cc(674)] Failed to read DnsConfig.
[0918/134638:WARNING:dns_config_service_win.cc(674)] Failed to read DnsConfig.
[0918/134643:WARNING:dns_config_service_win.cc(674)] Failed to read DnsConfig.
[0918/134648:WARNING:dns_config_service_win.cc(674)] Failed to read DnsConfig.
[0918/134653:WARNING:dns_config_service_win.cc(674)] Failed to read DnsConfig.
[0918/134658:WARNING:dns_config_service_win.cc(674)] Failed to read DnsConfig.
[0918/134703:WARNING:dns_config_service_win.cc(674)] Failed to read DnsConfig.
[0918/134708:WARNING:dns_config_service_win.cc(674)] Failed to read DnsConfig.
[0918/134713:WARNING:dns_config_service_win.cc(674)] Failed to read DnsConfig.
[0918/134718:WARNING:dns_config_service_win.cc(674)] Failed to read DnsConfig.
[0918/134723:WARNING:dns_config_service_win.cc(674)] Failed to read DnsConfig.
[0918/134728:WARNING:dns_config_service_win.cc(674)] Failed to read DnsConfig.
[0918/134733:WARNING:dns_config_service_win.cc(674)] Failed to read DnsConfig.
[0918/134738:WARNING:dns_config_service_win.cc(674)] Failed to read DnsConfig.
[0918/134743:WARNING:dns_config_service_win.cc(674)] Failed to read DnsConfig.
[0918/134748:WARNING:dns_config_service_win.cc(674)] Failed to read DnsConfig.
[0918/134753:WARNING:dns_config_service_win.cc(674)] Failed to read DnsConfig.
[0918/134758:WARNING:dns_config_service_win.cc(674)] Failed to read DnsConfig.
[0918/134803:WARNING:dns_config_service_win.cc(674)] Failed to read DnsConfig.
[0918/134808:WARNING:dns_config_service_win.cc(674)] Failed to read DnsConfig.
[0918/134813:WARNING:dns_config_service_win.cc(674)] Failed to read DnsConfig.
[0918/134818:WARNING:dns_config_service_win.cc(674)] Failed to read DnsConfig.
[0918/134819:WARNING:dns_config_service_win.cc(674)] Failed to read DnsConfig.
[0918/134819:WARNING:dns_config_service_win.cc(674)] Failed to read DnsConfig.
[0918/141441:WARNING:dns_config_service_win.cc(674)] Failed to read DnsConfig.
[0918/141446:WARNING:dns_config_service_win.cc(674)] Failed to read DnsConfig.
[0918/141451:WARNING:dns_config_service_win.cc(674)] Failed to read DnsConfig.
[0918/141457:WARNING:dns_config_service_win.cc(674)] Failed to read DnsConfig.
[0918/141502:WARNING:dns_config_service_win.cc(674)] Failed to read DnsConfig.
[0918/141507:WARNING:dns_config_service_win.cc(674)] Failed to read DnsConfig.
[0918/141512:WARNING:dns_config_service_win.cc(674)] Failed to read DnsConfig.
[0918/141517:WARNING:dns_config_service_win.cc(674)] Failed to read DnsConfig.
[0918/141522:WARNING:dns_config_service_win.cc(674)] Failed to read DnsConfig.
[0918/141527:WARNING:dns_config_service_win.cc(674)] Failed to read DnsConfig.
[0918/141532:WARNING:dns_config_service_win.cc(674)] Failed to read DnsConfig.
[0918/141537:WARNING:dns_config_service_win.cc(674)] Failed to read DnsConfig.
[0918/141542:WARNING:dns_config_service_win.cc(674)] Failed to read DnsConfig.
[0918/141547:WARNING:dns_config_service_win.cc(674)] Failed to read DnsConfig.
[0918/141552:WARNING:dns_config_service_win.cc(674)] Failed to read DnsConfig.
[0918/141557:WARNING:dns_config_service_win.cc(674)] Failed to read DnsConfig.
[0918/141602:WARNING:dns_config_service_win.cc(674)] Failed to read DnsConfig.
[0918/141607:WARNING:dns_config_service_win.cc(674)] Failed to read DnsConfig.
[0918/141612:WARNING:dns_config_service_win.cc(674)] Failed to read DnsConfig.
[0918/141617:WARNING:dns_config_service_win.cc(674)] Failed to read DnsConfig.
[0918/141622:WARNING:dns_config_service_win.cc(674)] Failed to read DnsConfig.
[0918/141627:WARNING:dns_config_service_win.cc(674)] Failed to read DnsConfig.
[0918/141632:WARNING:dns_config_service_win.cc(674)] Failed to read DnsConfig.
[0918/141637:WARNING:dns_config_service_win.cc(674)] Failed to read DnsConfig.
[0918/141642:WARNING:dns_config_service_win.cc(674)] Failed to read DnsConfig.
[0918/141647:WARNING:dns_config_service_win.cc(674)] Failed to read DnsConfig.
[0918/141652:WARNING:dns_config_service_win.cc(674)] Failed to read DnsConfig.
[0918/141657:WARNING:dns_config_service_win.cc(674)] Failed to read DnsConfig.
[0918/141702:WARNING:dns_config_service_win.cc(674)] Failed to read DnsConfig.
[0918/141707:WARNING:dns_config_service_win.cc(674)] Failed to read DnsConfig.
[0918/141712:WARNING:dns_config_service_win.cc(674)] Failed to read DnsConfig.
[0918/141717:WARNING:dns_config_service_win.cc(674)] Failed to read DnsConfig.
[0918/141722:WARNING:dns_config_service_win.cc(674)] Failed to read DnsConfig.
[0918/141727:WARNING:dns_config_service_win.cc(674)] Failed to read DnsConfig.
[0918/141732:WARNING:dns_config_service_win.cc(674)] Failed to read DnsConfig.
[0918/141737:WARNING:dns_config_service_win.cc(674)] Failed to read DnsConfig.
[0918/141742:WARNING:dns_config_service_win.cc(674)] Failed to read DnsConfig.
[0918/141747:WARNING:dns_config_service_win.cc(674)] Failed to read DnsConfig.
[0918/141752:WARNING:dns_config_service_win.cc(674)] Failed to read DnsConfig.
[0918/141757:WARNING:dns_config_service_win.cc(674)] Failed to read DnsConfig.
[0918/141802:WARNING:dns_config_service_win.cc(674)] Failed to read DnsConfig.
[0918/141807:WARNING:dns_config_service_win.cc(674)] Failed to read DnsConfig.
[0918/141812:WARNING:dns_config_service_win.cc(674)] Failed to read DnsConfig.
[0918/141817:WARNING:dns_config_service_win.cc(674)] Failed to read DnsConfig.
[0918/141822:WARNING:dns_config_service_win.cc(674)] Failed to read DnsConfig.
[0918/141827:WARNING:dns_config_service_win.cc(674)] Failed to read DnsConfig.
[0918/141832:WARNING:dns_config_service_win.cc(674)] Failed to read DnsConfig.
[0918/141837:WARNING:dns_config_service_win.cc(674)] Failed to read DnsConfig.
[0918/141842:WARNING:dns_config_service_win.cc(674)] Failed to read DnsConfig.
[0918/141847:WARNING:dns_config_service_win.cc(674)] Failed to read DnsConfig.
[0918/141852:WARNING:dns_config_service_win.cc(674)] Failed to read DnsConfig.
[0918/141857:WARNING:dns_config_service_win.cc(674)] Failed to read DnsConfig.
[0918/141902:WARNING:dns_config_service_win.cc(674)] Failed to read DnsConfig.
[0918/141907:WARNING:dns_config_service_win.cc(674)] Failed to read DnsConfig.
[0918/141912:WARNING:dns_config_service_win.cc(674)] Failed to read DnsConfig.
[0918/141917:WARNING:dns_config_service_win.cc(674)] Failed to read DnsConfig.
[0918/141922:WARNING:dns_config_service_win.cc(674)] Failed to read DnsConfig.
[0918/141927:WARNING:dns_config_service_win.cc(674)] Failed to read DnsConfig.
[0918/141932:WARNING:dns_config_service_win.cc(674)] Failed to read DnsConfig.
[0918/141937:WARNING:dns_config_service_win.cc(674)] Failed to read DnsConfig.
[0918/141942:WARNING:dns_config_service_win.cc(674)] Failed to read DnsConfig.
[0918/141947:WARNING:dns_config_service_win.cc(674)] Failed to read DnsConfig.
[0918/141952:WARNING:dns_config_service_win.cc(674)] Failed to read DnsConfig.
[0918/141957:WARNING:dns_config_service_win.cc(674)] Failed to read DnsConfig.
[0918/142002:WARNING:dns_config_service_win.cc(674)] Failed to read DnsConfig.
[0918/142007:WARNING:dns_config_service_win.cc(674)] Failed to read DnsConfig.
[0918/142012:WARNING:dns_config_service_win.cc(674)] Failed to read DnsConfig.
[0918/142017:WARNING:dns_config_service_win.cc(674)] Failed to read DnsConfig.
[0918/142022:WARNING:dns_config_service_win.cc(674)] Failed to read DnsConfig.
[0918/142027:WARNING:dns_config_service_win.cc(674)] Failed to read DnsConfig.
[0918/142033:WARNING:dns_config_service_win.cc(674)] Failed to read DnsConfig.
[0918/142038:WARNING:dns_config_service_win.cc(674)] Failed to read DnsConfig.
[0918/142043:WARNING:dns_config_service_win.cc(674)] Failed to read DnsConfig.
[0918/142048:WARNING:dns_config_service_win.cc(674)] Failed to read DnsConfig.
[0918/142053:WARNING:dns_config_service_win.cc(674)] Failed to read DnsConfig.
[0918/142058:WARNING:dns_config_service_win.cc(674)] Failed to read DnsConfig.
[0918/142103:WARNING:dns_config_service_win.cc(674)] Failed to read DnsConfig.
[0918/142108:WARNING:dns_config_service_win.cc(674)] Failed to read DnsConfig.
[0918/142113:WARNING:dns_config_service_win.cc(674)] Failed to read DnsConfig.
[0918/142118:WARNING:dns_config_service_win.cc(674)] Failed to read DnsConfig.
[0918/142123:WARNING:dns_config_service_win.cc(674)] Failed to read DnsConfig.
[0918/142128:WARNING:dns_config_service_win.cc(674)] Failed to read DnsConfig.
[0918/142133:WARNING:dns_config_service_win.cc(674)] Failed to read DnsConfig.
[0918/142138:WARNING:dns_config_service_win.cc(674)] Failed to read DnsConfig.
[0918/142143:WARNING:dns_config_service_win.cc(674)] Failed to read DnsConfig.
[0918/142148:WARNING:dns_config_service_win.cc(674)] Failed to read DnsConfig.
[0918/142153:WARNING:dns_config_service_win.cc(674)] Failed to read DnsConfig.
[0918/142158:WARNING:dns_config_service_win.cc(674)] Failed to read DnsConfig.
[0918/142203:WARNING:dns_config_service_win.cc(674)] Failed to read DnsConfig.
[0918/142208:WARNING:dns_config_service_win.cc(674)] Failed to read DnsConfig.
[0918/142213:WARNING:dns_config_service_win.cc(674)] Failed to read DnsConfig.
[0918/142218:WARNING:dns_config_service_win.cc(674)] Failed to read DnsConfig.
[0918/142223:WARNING:dns_config_service_win.cc(674)] Failed to read DnsConfig.
[0918/142228:WARNING:dns_config_service_win.cc(674)] Failed to read DnsConfig.
[0918/142233:WARNING:dns_config_service_win.cc(674)] Failed to read DnsConfig.
[0918/142238:WARNING:dns_config_service_win.cc(674)] Failed to read DnsConfig.
[0918/142243:WARNING:dns_config_service_win.cc(674)] Failed to read DnsConfig.
[0918/142248:WARNING:dns_config_service_win.cc(674)] Failed to read DnsConfig.
[0918/142253:WARNING:dns_config_service_win.cc(674)] Failed to read DnsConfig.
[0918/142258:WARNING:dns_config_service_win.cc(674)] Failed to read DnsConfig.
[0918/142303:WARNING:dns_config_service_win.cc(674)] Failed to read DnsConfig.
[0918/142308:WARNING:dns_config_service_win.cc(674)] Failed to read DnsConfig.
[0918/142313:WARNING:dns_config_service_win.cc(674)] Failed to read DnsConfig.
[0918/142318:WARNING:dns_config_service_win.cc(674)] Failed to read DnsConfig.
[0918/142323:WARNING:dns_config_service_win.cc(674)] Failed to read DnsConfig.
[0918/142328:WARNING:dns_config_service_win.cc(674)] Failed to read DnsConfig.
[0918/142333:WARNING:dns_config_service_win.cc(674)] Failed to read DnsConfig.
[0918/142338:WARNING:dns_config_service_win.cc(674)] Failed to read DnsConfig.
[0918/142343:WARNING:dns_config_service_win.cc(674)] Failed to read DnsConfig.
[0918/142348:WARNING:dns_config_service_win.cc(674)] Failed to read DnsConfig.
[0918/142353:WARNING:dns_config_service_win.cc(674)] Failed to read DnsConfig.
[0918/142358:WARNING:dns_config_service_win.cc(674)] Failed to read DnsConfig.
[0918/142403:WARNING:dns_config_service_win.cc(674)] Failed to read DnsConfig.
[0918/142408:WARNING:dns_config_service_win.cc(674)] Failed to read DnsConfig.
[0918/142413:WARNING:dns_config_service_win.cc(674)] Failed to read DnsConfig.
[0918/142418:WARNING:dns_config_service_win.cc(674)] Failed to read DnsConfig.
[0918/142423:WARNING:dns_config_service_win.cc(674)] Failed to read DnsConfig.
[0918/142428:WARNING:dns_config_service_win.cc(674)] Failed to read DnsConfig.
[0918/142433:WARNING:dns_config_service_win.cc(674)] Failed to read DnsConfig.
[0918/142438:WARNING:dns_config_service_win.cc(674)] Failed to read DnsConfig.
[0918/142443:WARNING:dns_config_service_win.cc(674)] Failed to read DnsConfig.
[0918/142448:WARNING:dns_config_service_win.cc(674)] Failed to read DnsConfig.
[0918/142453:WARNING:dns_config_service_win.cc(674)] Failed to read DnsConfig.
[0918/142458:WARNING:dns_config_service_win.cc(674)] Failed to read DnsConfig.
[0918/142503:WARNING:dns_config_service_win.cc(674)] Failed to read DnsConfig.
[0918/142508:WARNING:dns_config_service_win.cc(674)] Failed to read DnsConfig.
[0918/142513:WARNING:dns_config_service_win.cc(674)] Failed to read DnsConfig.
[0918/142518:WARNING:dns_config_service_win.cc(674)] Failed to read DnsConfig.
[0918/142523:WARNING:dns_config_service_win.cc(674)] Failed to read DnsConfig.
[0918/142528:WARNING:dns_config_service_win.cc(674)] Failed to read DnsConfig.
[0918/142533:WARNING:dns_config_service_win.cc(674)] Failed to read DnsConfig.
[0918/142538:WARNING:dns_config_service_win.cc(674)] Failed to read DnsConfig.
[0918/142543:WARNING:dns_config_service_win.cc(674)] Failed to read DnsConfig.
[0918/142548:WARNING:dns_config_service_win.cc(674)] Failed to read DnsConfig.
[0918/142553:WARNING:dns_config_service_win.cc(674)] Failed to read DnsConfig.
[0918/142558:WARNING:dns_config_service_win.cc(674)] Failed to read DnsConfig.
[0918/142603:WARNING:dns_config_service_win.cc(674)] Failed to read DnsConfig.
[0918/142608:WARNING:dns_config_service_win.cc(674)] Failed to read DnsConfig.
[0918/142614:WARNING:dns_config_service_win.cc(674)] Failed to read DnsConfig.
[0918/142619:WARNING:dns_config_service_win.cc(674)] Failed to read DnsConfig.
[0918/142624:WARNING:dns_config_service_win.cc(674)] Failed to read DnsConfig.
[0918/142629:WARNING:dns_config_service_win.cc(674)] Failed to read DnsConfig.
[0918/142634:WARNING:dns_config_service_win.cc(674)] Failed to read DnsConfig.
[0918/142639:WARNING:dns_config_service_win.cc(674)] Failed to read DnsConfig.
[0918/142644:WARNING:dns_config_service_win.cc(674)] Failed to read DnsConfig.
[0918/142649:WARNING:dns_config_service_win.cc(674)] Failed to read DnsConfig.
[0918/142654:WARNING:dns_config_service_win.cc(674)] Failed to read DnsConfig.
[0918/142659:WARNING:dns_config_service_win.cc(674)] Failed to read DnsConfig.
[0918/142704:WARNING:dns_config_service_win.cc(674)] Failed to read DnsConfig.
[0918/142709:WARNING:dns_config_service_win.cc(674)] Failed to read DnsConfig.
[0918/142714:WARNING:dns_config_service_win.cc(674)] Failed to read DnsConfig.
[0918/142719:WARNING:dns_config_service_win.cc(674)] Failed to read DnsConfig.
[0918/142724:WARNING:dns_config_service_win.cc(674)] Failed to read DnsConfig.
[0918/142729:WARNING:dns_config_service_win.cc(674)] Failed to read DnsConfig.
[0918/142734:WARNING:dns_config_service_win.cc(674)] Failed to read DnsConfig.
[0918/142739:WARNING:dns_config_service_win.cc(674)] Failed to read DnsConfig.
[0918/142744:WARNING:dns_config_service_win.cc(674)] Failed to read DnsConfig.
[0918/142749:WARNING:dns_config_service_win.cc(674)] Failed to read DnsConfig.
[0918/142754:WARNING:dns_config_service_win.cc(674)] Failed to read DnsConfig.
[0918/142759:WARNING:dns_config_service_win.cc(674)] Failed to read DnsConfig.
[0918/142804:WARNING:dns_config_service_win.cc(674)] Failed to read DnsConfig.
[0918/142809:WARNING:dns_config_service_win.cc(674)] Failed to read DnsConfig.
[0918/142814:WARNING:dns_config_service_win.cc(674)] Failed to read DnsConfig.
[0918/142819:WARNING:dns_config_service_win.cc(674)] Failed to read DnsConfig.
[0918/142824:WARNING:dns_config_service_win.cc(674)] Failed to read DnsConfig.
[0918/142829:WARNING:dns_config_service_win.cc(674)] Failed to read DnsConfig.
[0918/142834:WARNING:dns_config_service_win.cc(674)] Failed to read DnsConfig.
[0918/142839:WARNING:dns_config_service_win.cc(674)] Failed to read DnsConfig.
[0918/142844:WARNING:dns_config_service_win.cc(674)] Failed to read DnsConfig.
[0918/142849:WARNING:dns_config_service_win.cc(674)] Failed to read DnsConfig.
[0918/142854:WARNING:dns_config_service_win.cc(674)] Failed to read DnsConfig.
[0918/142859:WARNING:dns_config_service_win.cc(674)] Failed to read DnsConfig.
[0918/142904:WARNING:dns_config_service_win.cc(674)] Failed to read DnsConfig.
[0918/142909:WARNING:dns_config_service_win.cc(674)] Failed to read DnsConfig.
[0918/142914:WARNING:dns_config_service_win.cc(674)] Failed to read DnsConfig.
[0918/142919:WARNING:dns_config_service_win.cc(674)] Failed to read DnsConfig.
[0918/142924:WARNING:dns_config_service_win.cc(674)] Failed to read DnsConfig.
[0918/142929:WARNING:dns_config_service_win.cc(674)] Failed to read DnsConfig.
[0918/142934:WARNING:dns_config_service_win.cc(674)] Failed to read DnsConfig.
[0918/142939:WARNING:dns_config_service_win.cc(674)] Failed to read DnsConfig.
[0918/142944:WARNING:dns_config_service_win.cc(674)] Failed to read DnsConfig.
[0918/142949:WARNING:dns_config_service_win.cc(674)] Failed to read DnsConfig.
[0918/142954:WARNING:dns_config_service_win.cc(674)] Failed to read DnsConfig.
[0918/142959:WARNING:dns_config_service_win.cc(674)] Failed to read DnsConfig.
[0918/143004:WARNING:dns_config_service_win.cc(674)] Failed to read DnsConfig.
[0918/143009:WARNING:dns_config_service_win.cc(674)] Failed to read DnsConfig.
[0918/143014:WARNING:dns_config_service_win.cc(674)] Failed to read DnsConfig.
[0918/143019:WARNING:dns_config_service_win.cc(674)] Failed to read DnsConfig.
[0918/143024:WARNING:dns_config_service_win.cc(674)] Failed to read DnsConfig.
[0918/143029:WARNING:dns_config_service_win.cc(674)] Failed to read DnsConfig.
[0918/143034:WARNING:dns_config_service_win.cc(674)] Failed to read DnsConfig.
[0918/143039:WARNING:dns_config_service_win.cc(674)] Failed to read DnsConfig.
[0918/143044:WARNING:dns_config_service_win.cc(674)] Failed to read DnsConfig.
[0918/143049:WARNING:dns_config_service_win.cc(674)] Failed to read DnsConfig.
[0918/143054:WARNING:dns_config_service_win.cc(674)] Failed to read DnsConfig.
[0918/143059:WARNING:dns_config_service_win.cc(674)] Failed to read DnsConfig.
[0918/143104:WARNING:dns_config_service_win.cc(674)] Failed to read DnsConfig.
[0918/143109:WARNING:dns_config_service_win.cc(674)] Failed to read DnsConfig.
[0918/143114:WARNING:dns_config_service_win.cc(674)] Failed to read DnsConfig.
[0918/143119:WARNING:dns_config_service_win.cc(674)] Failed to read DnsConfig.
[0918/143124:WARNING:dns_config_service_win.cc(674)] Failed to read DnsConfig.
[0918/143129:WARNING:dns_config_service_win.cc(674)] Failed to read DnsConfig.
[0918/143134:WARNING:dns_config_service_win.cc(674)] Failed to read DnsConfig.
[0918/143139:WARNING:dns_config_service_win.cc(674)] Failed to read DnsConfig.
[0918/143144:WARNING:dns_config_service_win.cc(674)] Failed to read DnsConfig.
[0918/143149:WARNING:dns_config_service_win.cc(674)] Failed to read DnsConfig.
[0918/143155:WARNING:dns_config_service_win.cc(674)] Failed to read DnsConfig.
[0918/143200:WARNING:dns_config_service_win.cc(674)] Failed to read DnsConfig.
[0918/143205:WARNING:dns_config_service_win.cc(674)] Failed to read DnsConfig.
[0918/143210:WARNING:dns_config_service_win.cc(674)] Failed to read DnsConfig.
[0918/143215:WARNING:dns_config_service_win.cc(674)] Failed to read DnsConfig.
[0918/143220:WARNING:dns_config_service_win.cc(674)] Failed to read DnsConfig.
[0918/143225:WARNING:dns_config_service_win.cc(674)] Failed to read DnsConfig.
[0918/143230:WARNING:dns_config_service_win.cc(674)] Failed to read DnsConfig.
[0918/143235:WARNING:dns_config_service_win.cc(674)] Failed to read DnsConfig.
[0918/143240:WARNING:dns_config_service_win.cc(674)] Failed to read DnsConfig.
[0918/143245:WARNING:dns_config_service_win.cc(674)] Failed to read DnsConfig.
[0918/143250:WARNING:dns_config_service_win.cc(674)] Failed to read DnsConfig.
[0918/143255:WARNING:dns_config_service_win.cc(674)] Failed to read DnsConfig.
[0918/143300:WARNING:dns_config_service_win.cc(674)] Failed to read DnsConfig.
[0918/143305:WARNING:dns_config_service_win.cc(674)] Failed to read DnsConfig.
[0918/143310:WARNING:dns_config_service_win.cc(674)] Failed to read DnsConfig.
[0918/143315:WARNING:dns_config_service_win.cc(674)] Failed to read DnsConfig.
[0918/143320:WARNING:dns_config_service_win.cc(674)] Failed to read DnsConfig.
[0918/143325:WARNING:dns_config_service_win.cc(674)] Failed to read DnsConfig.
[0918/143330:WARNING:dns_config_service_win.cc(674)] Failed to read DnsConfig.
[0918/143335:WARNING:dns_config_service_win.cc(674)] Failed to read DnsConfig.
[0918/143340:WARNING:dns_config_service_win.cc(674)] Failed to read DnsConfig.
[0918/143345:WARNING:dns_config_service_win.cc(674)] Failed to read DnsConfig.
[0918/143350:WARNING:dns_config_service_win.cc(674)] Failed to read DnsConfig.
[0918/143352:WARNING:dns_config_service_win.cc(674)] Failed to read DnsConfig.
[0918/160015:INFO:exception_record.cc(518)] [QB]Process ID: 14804 Type: 2
[0918/160017:INFO:http_cache_transaction.cc(72)] IgnoreZeroCacheError: 0
[0918/160041:INFO:exception_record.cc(518)] [QB]Process ID: 9892 Type: 2
[0918/160335:INFO:exception_record.cc(518)] [QB]Process ID: 14036 Type: 2
[0918/190122:INFO:exception_record.cc(518)] [QB]Process ID: 17052 Type: 2
[0918/190123:WARNING:quota_manager.cc(1833)] Create directory failed for path
[0918/190123:WARNING:quota_manager.cc(1833)] Create directory failed for path
[0918/193123:WARNING:quota_manager.cc(1833)] Create directory failed for path
[0918/193123:WARNING:quota_manager.cc(1833)] Create directory failed for path
[0918/195818:INFO:exception_record.cc(518)] [QB]Process ID: 5872 Type: 2
